  [1m[35m (0.0ms)[0m  [1m[34mSELECT sqlite_version(*)[0m
  [1m[35m (98.0ms)[0m  [1m[35mCREATE TABLE "schema_migrations" ("version" varchar NOT NULL PRIMARY KEY)[0m
  [1m[35m (74.0ms)[0m  [1m[35mCREATE TABLE "ar_internal_metadata" ("key" varchar NOT NULL PRIMARY KEY, "value" varchar, "created_at" datetime NOT NULL, "updated_at" datetime NOT NULL)[0m
  [1m[35m (1.0ms)[0m  [1m[34mSELECT "schema_migrations"."version" FROM "schema_migrations" ORDER BY "schema_migrations"."version" ASC[0m
Migrating to CreatePosts (20200506191408)
  [1m[35m (0.0ms)[0m  [1m[36mbegin transaction[0m
  [1m[35m (1.0ms)[0m  [1m[35mCREATE TABLE "posts" ("id" INTEGER PRIMARY KEY AUTOINCREMENT NOT NULL, "title" varchar, "body" text, "created_at" datetime NOT NULL, "updated_at" datetime NOT NULL)[0m
  [1m[35mSQL (0.0ms)[0m  [1m[32mINSERT INTO "schema_migrations" ("version") VALUES (?)[0m  [["version", "20200506191408"]]
  [1m[35m (68.0ms)[0m  [1m[36mcommit transaction[0m
Migrating to CreateComments (20200506191559)
  [1m[35m (0.0ms)[0m  [1m[36mbegin transaction[0m
  [1m[35m (2.0ms)[0m  [1m[35mCREATE TABLE "comments" ("id" INTEGER PRIMARY KEY AUTOINCREMENT NOT NULL, "post_id" integer, "body" text, "created_at" datetime NOT NULL, "updated_at" datetime NOT NULL, CONSTRAINT "fk_rails_2fd19c0db7"
FOREIGN KEY ("post_id")
  REFERENCES "posts" ("id")
)[0m
  [1m[35m (0.0ms)[0m  [1m[35mCREATE  INDEX "index_comments_on_post_id" ON "comments" ("post_id")[0m
  [1m[35mSQL (1.0ms)[0m  [1m[32mINSERT INTO "schema_migrations" ("version") VALUES (?)[0m  [["version", "20200506191559"]]
  [1m[35m (62.0ms)[0m  [1m[36mcommit transaction[0m
  [1m[36mActiveRecord::InternalMetadata Load (1.0ms)[0m  [1m[34mSELECT  "ar_internal_metadata".* FROM "ar_internal_metadata" WHERE "ar_internal_metadata"."key" = ? LIMIT ?[0m  [["key", "environment"], ["LIMIT", 1]]
  [1m[35m (0.0ms)[0m  [1m[36mbegin transaction[0m
  [1m[35mSQL (1.0ms)[0m  [1m[32mINSERT INTO "ar_internal_metadata" ("key", "value", "created_at", "updated_at") VALUES (?, ?, ?, ?)[0m  [["key", "environment"], ["value", "development"], ["created_at", "2020-05-06 19:18:27.266532"], ["updated_at", "2020-05-06 19:18:27.266532"]]
  [1m[35m (61.0ms)[0m  [1m[36mcommit transaction[0m
  [1m[35m (1.0ms)[0m  [1m[34mSELECT "schema_migrations"."version" FROM "schema_migrations" ORDER BY "schema_migrations"."version" ASC[0m
  [1m[35m (1.0ms)[0m  [1m[34m            SELECT sql
            FROM sqlite_master
            WHERE name='index_comments_on_post_id' AND type='index'
            UNION ALL
            SELECT sql
            FROM sqlite_temp_master
            WHERE name='index_comments_on_post_id' AND type='index'
[0m
Started GET "/posts" for ::1 at 2020-05-07 00:53:12 +0530
  [1m[35m (1.0ms)[0m  [1m[34mSELECT "schema_migrations"."version" FROM "schema_migrations" ORDER BY "schema_migrations"."version" ASC[0m
Processing by PostsController#index as HTML
  Rendering posts/index.html.erb within layouts/application
  [1m[36mPost Load (1.0ms)[0m  [1m[34mSELECT "posts".* FROM "posts"[0m
  Rendered posts/index.html.erb within layouts/application (9.0ms)
Completed 200 OK in 2956ms (Views: 2905.1ms | ActiveRecord: 2.0ms)


Started GET "/posts/new" for ::1 at 2020-05-07 00:55:05 +0530
Processing by PostsController#new as HTML
  Rendering posts/new.html.erb within layouts/application
  Rendered posts/_form.html.erb (305.8ms)
  Rendered posts/new.html.erb within layouts/application (335.8ms)
Completed 200 OK in 556ms (Views: 509.6ms | ActiveRecord: 2.0ms)


Started POST "/posts" for ::1 at 2020-05-07 00:57:17 +0530
Processing by PostsController#create as HTML
  Parameters: {"utf8"=>"✓", "authenticity_token"=>"qPGnaBwz/S573jxc0vOTG85wtyYhvEERSFxIWLZVsLFmib2Ws5ppajBLV0Rp/MSORY086Q1sH3uoG6gsmyL75A==", "post"=>{"title"=>"Cloud-based Widgets", "body"=>"Blah, blah, blah"}, "commit"=>"Create Post"}
  [1m[35m (0.0ms)[0m  [1m[36mbegin transaction[0m
  [1m[35mSQL (2.0ms)[0m  [1m[32mINSERT INTO "posts" ("title", "body", "created_at", "updated_at") VALUES (?, ?, ?, ?)[0m  [["title", "Cloud-based Widgets"], ["body", "Blah, blah, blah"], ["created_at", "2020-05-06 19:27:17.293493"], ["updated_at", "2020-05-06 19:27:17.293493"]]
  [1m[35m (73.0ms)[0m  [1m[36mcommit transaction[0m
Redirected to http://localhost:3000/posts/1
Completed 302 Found in 98ms (ActiveRecord: 75.0ms)


Started GET "/posts/1" for ::1 at 2020-05-07 00:57:17 +0530
Processing by PostsController#show as HTML
  Parameters: {"id"=>"1"}
  [1m[36mPost Load (0.0ms)[0m  [1m[34mSELECT  "posts".* FROM "posts" WHERE "posts"."id" = ? LIMIT ?[0m  [["id", 1], ["LIMIT", 1]]
  Rendering posts/show.html.erb within layouts/application
  Rendered posts/show.html.erb within layouts/application (3.0ms)
Completed 200 OK in 273ms (Views: 166.4ms | ActiveRecord: 0.0ms)


Started GET "/posts" for ::1 at 2020-05-07 00:58:07 +0530
Processing by PostsController#index as HTML
  Rendering posts/index.html.erb within layouts/application
  [1m[36mPost Load (0.0ms)[0m  [1m[34mSELECT "posts".* FROM "posts"[0m
  Rendered posts/index.html.erb within layouts/application (5.0ms)
Completed 200 OK in 180ms (Views: 148.5ms | ActiveRecord: 0.0ms)


Started GET "/posts/1" for ::1 at 2020-05-07 00:58:55 +0530
Processing by PostsController#show as HTML
  Parameters: {"id"=>"1"}
  [1m[36mPost Load (0.0ms)[0m  [1m[34mSELECT  "posts".* FROM "posts" WHERE "posts"."id" = ? LIMIT ?[0m  [["id", 1], ["LIMIT", 1]]
  Rendering posts/show.html.erb within layouts/application
  Rendered posts/show.html.erb within layouts/application (3.0ms)
Completed 200 OK in 255ms (Views: 217.4ms | ActiveRecord: 0.0ms)


Started GET "/posts" for ::1 at 2020-05-07 00:58:58 +0530
Processing by PostsController#index as HTML
  Rendering posts/index.html.erb within layouts/application
  [1m[36mPost Load (1.0ms)[0m  [1m[34mSELECT "posts".* FROM "posts"[0m
  Rendered posts/index.html.erb within layouts/application (5.0ms)
Completed 200 OK in 177ms (Views: 146.5ms | ActiveRecord: 1.0ms)


Started GET "/comments" for ::1 at 2020-05-07 00:59:34 +0530
Processing by CommentsController#index as HTML
  Rendering comments/index.html.erb within layouts/application
  [1m[36mComment Load (2.0ms)[0m  [1m[34mSELECT "comments".* FROM "comments"[0m
  Rendered comments/index.html.erb within layouts/application (7.0ms)
Completed 200 OK in 270ms (Views: 159.7ms | ActiveRecord: 3.0ms)


Started GET "/comments/new" for ::1 at 2020-05-07 01:00:37 +0530
Processing by CommentsController#new as HTML
  Rendering comments/new.html.erb within layouts/application
  Rendered comments/_form.html.erb (4.0ms)
  Rendered comments/new.html.erb within layouts/application (35.0ms)
Completed 200 OK in 220ms (Views: 180.0ms | ActiveRecord: 1.0ms)


Started POST "/comments" for ::1 at 2020-05-07 01:01:05 +0530
Processing by CommentsController#create as HTML
  Parameters: {"utf8"=>"✓", "authenticity_token"=>"eiUR0aVvvz5GbYfs+qL6S3PYjafFq2yAEvMMwG7yHiu3WRol6rEofFUgLqdtgVSKLgfPyhHhKsK2zaO9aLHexg==", "comment"=>{"post_id"=>"1", "body"=>"Great idea!"}, "commit"=>"Create Comment"}
  [1m[35m (0.0ms)[0m  [1m[36mbegin transaction[0m
  [1m[36mPost Load (0.0ms)[0m  [1m[34mSELECT  "posts".* FROM "posts" WHERE "posts"."id" = ? LIMIT ?[0m  [["id", 1], ["LIMIT", 1]]
  [1m[35mSQL (1.0ms)[0m  [1m[32mINSERT INTO "comments" ("post_id", "body", "created_at", "updated_at") VALUES (?, ?, ?, ?)[0m  [["post_id", 1], ["body", "Great idea!"], ["created_at", "2020-05-06 19:31:05.617558"], ["updated_at", "2020-05-06 19:31:05.617558"]]
  [1m[35m (57.0ms)[0m  [1m[36mcommit transaction[0m
Redirected to http://localhost:3000/comments/1
Completed 302 Found in 276ms (ActiveRecord: 58.0ms)


Started GET "/comments/1" for ::1 at 2020-05-07 01:01:05 +0530
Processing by CommentsController#show as HTML
  Parameters: {"id"=>"1"}
  [1m[36mComment Load (0.0ms)[0m  [1m[34mSELECT  "comments".* FROM "comments" WHERE "comments"."id" = ? LIMIT ?[0m  [["id", 1], ["LIMIT", 1]]
  Rendering comments/show.html.erb within layouts/application
  [1m[36mPost Load (1.0ms)[0m  [1m[34mSELECT  "posts".* FROM "posts" WHERE "posts"."id" = ? LIMIT ?[0m  [["id", 1], ["LIMIT", 1]]
  Rendered comments/show.html.erb within layouts/application (7.0ms)
Completed 200 OK in 192ms (Views: 153.3ms | ActiveRecord: 1.0ms)


Started GET "/comments" for ::1 at 2020-05-07 01:01:10 +0530
Processing by CommentsController#index as HTML
  Rendering comments/index.html.erb within layouts/application
  [1m[36mComment Load (1.0ms)[0m  [1m[34mSELECT "comments".* FROM "comments"[0m
  [1m[36mPost Load (1.0ms)[0m  [1m[34mSELECT  "posts".* FROM "posts" WHERE "posts"."id" = ? LIMIT ?[0m  [["id", 1], ["LIMIT", 1]]
  Rendered comments/index.html.erb within layouts/application (9.0ms)
Completed 200 OK in 179ms (Views: 148.4ms | ActiveRecord: 2.0ms)


Started GET "/comments/new" for ::1 at 2020-05-07 01:01:15 +0530
Processing by CommentsController#new as HTML
  Rendering comments/new.html.erb within layouts/application
  Rendered comments/_form.html.erb (3.0ms)
  Rendered comments/new.html.erb within layouts/application (33.0ms)
Completed 200 OK in 205ms (Views: 175.9ms | ActiveRecord: 0.0ms)


Started POST "/comments" for ::1 at 2020-05-07 01:01:47 +0530
Processing by CommentsController#create as HTML
  Parameters: {"utf8"=>"✓", "authenticity_token"=>"Ez8dg3oEpNGp5KMzlO9g46HyaR4cPeUvYP5ZUvL8h1XeQxZ3Ndozk7qpCngDzM4i/C0rc8h3o23EwPYv9L9HuA==", "comment"=>{"post_id"=>"1", "body"=>"Are they secure?"}, "commit"=>"Create Comment"}
  [1m[35m (0.0ms)[0m  [1m[36mbegin transaction[0m
  [1m[36mPost Load (1.0ms)[0m  [1m[34mSELECT  "posts".* FROM "posts" WHERE "posts"."id" = ? LIMIT ?[0m  [["id", 1], ["LIMIT", 1]]
  [1m[35mSQL (28.0ms)[0m  [1m[32mINSERT INTO "comments" ("post_id", "body", "created_at", "updated_at") VALUES (?, ?, ?, ?)[0m  [["post_id", 1], ["body", "Are they secure?"], ["created_at", "2020-05-06 19:31:47.238934"], ["updated_at", "2020-05-06 19:31:47.238934"]]
  [1m[35m (108.0ms)[0m  [1m[36mcommit transaction[0m
Redirected to http://localhost:3000/comments/2
Completed 302 Found in 154ms (ActiveRecord: 137.0ms)


Started GET "/comments/2" for ::1 at 2020-05-07 01:01:47 +0530
Processing by CommentsController#show as HTML
  Parameters: {"id"=>"2"}
  [1m[36mComment Load (1.0ms)[0m  [1m[34mSELECT  "comments".* FROM "comments" WHERE "comments"."id" = ? LIMIT ?[0m  [["id", 2], ["LIMIT", 1]]
  Rendering comments/show.html.erb within layouts/application
  [1m[36mPost Load (0.0ms)[0m  [1m[34mSELECT  "posts".* FROM "posts" WHERE "posts"."id" = ? LIMIT ?[0m  [["id", 1], ["LIMIT", 1]]
  Rendered comments/show.html.erb within layouts/application (5.0ms)
Completed 200 OK in 194ms (Views: 159.1ms | ActiveRecord: 1.0ms)


Started GET "/comments" for ::1 at 2020-05-07 01:01:51 +0530
Processing by CommentsController#index as HTML
  Rendering comments/index.html.erb within layouts/application
  [1m[36mComment Load (1.0ms)[0m  [1m[34mSELECT "comments".* FROM "comments"[0m
  [1m[36mPost Load (0.0ms)[0m  [1m[34mSELECT  "posts".* FROM "posts" WHERE "posts"."id" = ? LIMIT ?[0m  [["id", 1], ["LIMIT", 1]]
  [1m[36mCACHE Post Load (0.0ms)[0m  [1m[34mSELECT  "posts".* FROM "posts" WHERE "posts"."id" = ? LIMIT ?[0m  [["id", 1], ["LIMIT", 1]]
  Rendered comments/index.html.erb within layouts/application (13.0ms)
Completed 200 OK in 185ms (Views: 155.3ms | ActiveRecord: 1.0ms)


Started GET "/posts" for ::1 at 2020-05-07 01:02:03 +0530
Processing by PostsController#index as HTML
  Rendering posts/index.html.erb within layouts/application
  [1m[36mPost Load (0.0ms)[0m  [1m[34mSELECT "posts".* FROM "posts"[0m
  Rendered posts/index.html.erb within layouts/application (5.0ms)
Completed 200 OK in 199ms (Views: 162.1ms | ActiveRecord: 0.0ms)


Started GET "/posts/new" for ::1 at 2020-05-07 01:02:42 +0530
Processing by PostsController#new as HTML
  Rendering posts/new.html.erb within layouts/application
  Rendered posts/_form.html.erb (3.0ms)
  Rendered posts/new.html.erb within layouts/application (33.0ms)
Completed 200 OK in 208ms (Views: 177.0ms | ActiveRecord: 0.0ms)


Started POST "/posts" for ::1 at 2020-05-07 01:04:02 +0530
Processing by PostsController#create as HTML
  Parameters: {"utf8"=>"✓", "authenticity_token"=>"4OmRFXnihmCOdyP9j4Wmvvn63fmApZpH37539tp0xv4ukYvr1ksSJMXiSOU0ivErcgdWNqx1xC0/+ZeC9wONqw==", "post"=>{"title"=>"Big-data Nano Widgets", "body"=>"Blab, blab, blab"}, "commit"=>"Create Post"}
  [1m[35m (0.0ms)[0m  [1m[36mbegin transaction[0m
  [1m[35mSQL (43.0ms)[0m  [1m[32mINSERT INTO "posts" ("title", "body", "created_at", "updated_at") VALUES (?, ?, ?, ?)[0m  [["title", "Big-data Nano Widgets"], ["body", "Blab, blab, blab"], ["created_at", "2020-05-06 19:34:02.915219"], ["updated_at", "2020-05-06 19:34:02.915219"]]
  [1m[35m (129.0ms)[0m  [1m[36mcommit transaction[0m
Redirected to http://localhost:3000/posts/2
Completed 302 Found in 186ms (ActiveRecord: 171.9ms)


Started GET "/posts/2" for ::1 at 2020-05-07 01:04:03 +0530
Processing by PostsController#show as HTML
  Parameters: {"id"=>"2"}
  [1m[36mPost Load (1.0ms)[0m  [1m[34mSELECT  "posts".* FROM "posts" WHERE "posts"."id" = ? LIMIT ?[0m  [["id", 2], ["LIMIT", 1]]
  Rendering posts/show.html.erb within layouts/application
  Rendered posts/show.html.erb within layouts/application (2.0ms)
Completed 200 OK in 189ms (Views: 154.2ms | ActiveRecord: 1.0ms)


Started GET "/posts" for ::1 at 2020-05-07 01:04:07 +0530
Processing by PostsController#index as HTML
  Rendering posts/index.html.erb within layouts/application
  [1m[36mPost Load (1.0ms)[0m  [1m[34mSELECT "posts".* FROM "posts"[0m
  Rendered posts/index.html.erb within layouts/application (4.0ms)
Completed 200 OK in 179ms (Views: 148.6ms | ActiveRecord: 1.0ms)


Started GET "/comments" for ::1 at 2020-05-07 01:04:18 +0530
Processing by CommentsController#index as HTML
  Rendering comments/index.html.erb within layouts/application
  [1m[36mComment Load (1.0ms)[0m  [1m[34mSELECT "comments".* FROM "comments"[0m
  [1m[36mPost Load (0.0ms)[0m  [1m[34mSELECT  "posts".* FROM "posts" WHERE "posts"."id" = ? LIMIT ?[0m  [["id", 1], ["LIMIT", 1]]
  [1m[36mCACHE Post Load (1.0ms)[0m  [1m[34mSELECT  "posts".* FROM "posts" WHERE "posts"."id" = ? LIMIT ?[0m  [["id", 1], ["LIMIT", 1]]
  Rendered comments/index.html.erb within layouts/application (14.0ms)
Completed 200 OK in 221ms (Views: 179.3ms | ActiveRecord: 2.0ms)


Started GET "/posts" for ::1 at 2020-05-07 01:04:25 +0530
Processing by PostsController#index as HTML
  Rendering posts/index.html.erb within layouts/application
  [1m[36mPost Load (0.0ms)[0m  [1m[34mSELECT "posts".* FROM "posts"[0m
  Rendered posts/index.html.erb within layouts/application (6.0ms)
Completed 200 OK in 205ms (Views: 169.2ms | ActiveRecord: 0.0ms)


Started GET "/comments" for ::1 at 2020-05-07 01:04:34 +0530
Processing by CommentsController#index as HTML
  Rendering comments/index.html.erb within layouts/application
  [1m[36mComment Load (1.0ms)[0m  [1m[34mSELECT "comments".* FROM "comments"[0m
  [1m[36mPost Load (0.0ms)[0m  [1m[34mSELECT  "posts".* FROM "posts" WHERE "posts"."id" = ? LIMIT ?[0m  [["id", 1], ["LIMIT", 1]]
  [1m[36mCACHE Post Load (0.0ms)[0m  [1m[34mSELECT  "posts".* FROM "posts" WHERE "posts"."id" = ? LIMIT ?[0m  [["id", 1], ["LIMIT", 1]]
  Rendered comments/index.html.erb within layouts/application (16.0ms)
Completed 200 OK in 214ms (Views: 173.4ms | ActiveRecord: 1.0ms)


Started GET "/comments/new" for ::1 at 2020-05-07 01:04:38 +0530
Processing by CommentsController#new as HTML
  Rendering comments/new.html.erb within layouts/application
  Rendered comments/_form.html.erb (3.0ms)
  Rendered comments/new.html.erb within layouts/application (34.0ms)
Completed 200 OK in 213ms (Views: 181.8ms | ActiveRecord: 0.0ms)


Started POST "/comments" for ::1 at 2020-05-07 01:05:02 +0530
Processing by CommentsController#create as HTML
  Parameters: {"utf8"=>"✓", "authenticity_token"=>"aWGbZiQss7Zy0ausuD7kvT2ZWvnCSx2WB17X6L0eldGkHZCSa/Ik9GGcAucvHUp8YEYYlBYBW9SjYHiVu11VPA==", "comment"=>{"post_id"=>"2", "body"=>"I like Java"}, "commit"=>"Create Comment"}
  [1m[35m (0.0ms)[0m  [1m[36mbegin transaction[0m
  [1m[36mPost Load (1.0ms)[0m  [1m[34mSELECT  "posts".* FROM "posts" WHERE "posts"."id" = ? LIMIT ?[0m  [["id", 2], ["LIMIT", 1]]
  [1m[35mSQL (20.0ms)[0m  [1m[32mINSERT INTO "comments" ("post_id", "body", "created_at", "updated_at") VALUES (?, ?, ?, ?)[0m  [["post_id", 2], ["body", "I like Java"], ["created_at", "2020-05-06 19:35:02.945894"], ["updated_at", "2020-05-06 19:35:02.945894"]]
  [1m[35m (108.0ms)[0m  [1m[36mcommit transaction[0m
Redirected to http://localhost:3000/comments/3
Completed 302 Found in 146ms (ActiveRecord: 128.9ms)


Started GET "/comments/3" for ::1 at 2020-05-07 01:05:03 +0530
Processing by CommentsController#show as HTML
  Parameters: {"id"=>"3"}
  [1m[36mComment Load (0.0ms)[0m  [1m[34mSELECT  "comments".* FROM "comments" WHERE "comments"."id" = ? LIMIT ?[0m  [["id", 3], ["LIMIT", 1]]
  Rendering comments/show.html.erb within layouts/application
  [1m[36mPost Load (0.0ms)[0m  [1m[34mSELECT  "posts".* FROM "posts" WHERE "posts"."id" = ? LIMIT ?[0m  [["id", 2], ["LIMIT", 1]]
  Rendered comments/show.html.erb within layouts/application (6.0ms)
Completed 200 OK in 196ms (Views: 160.0ms | ActiveRecord: 0.0ms)


Started GET "/comments" for ::1 at 2020-05-07 01:05:09 +0530
Processing by CommentsController#index as HTML
  Rendering comments/index.html.erb within layouts/application
  [1m[36mComment Load (1.0ms)[0m  [1m[34mSELECT "comments".* FROM "comments"[0m
  [1m[36mPost Load (0.0ms)[0m  [1m[34mSELECT  "posts".* FROM "posts" WHERE "posts"."id" = ? LIMIT ?[0m  [["id", 1], ["LIMIT", 1]]
  [1m[36mCACHE Post Load (0.0ms)[0m  [1m[34mSELECT  "posts".* FROM "posts" WHERE "posts"."id" = ? LIMIT ?[0m  [["id", 1], ["LIMIT", 1]]
  [1m[36mPost Load (0.0ms)[0m  [1m[34mSELECT  "posts".* FROM "posts" WHERE "posts"."id" = ? LIMIT ?[0m  [["id", 2], ["LIMIT", 1]]
  Rendered comments/index.html.erb within layouts/application (17.0ms)
Completed 200 OK in 190ms (Views: 158.3ms | ActiveRecord: 1.0ms)


Started GET "/comments/new" for ::1 at 2020-05-07 01:05:20 +0530
Processing by CommentsController#new as HTML
  Rendering comments/new.html.erb within layouts/application
  Rendered comments/_form.html.erb (3.0ms)
  Rendered comments/new.html.erb within layouts/application (34.0ms)
Completed 200 OK in 211ms (Views: 180.0ms | ActiveRecord: 0.0ms)


Started POST "/comments" for ::1 at 2020-05-07 01:06:58 +0530
Processing by CommentsController#create as HTML
  Parameters: {"utf8"=>"✓", "authenticity_token"=>"YVcrUSCb6SLRHl1UTdKCNV0xDUeMZAVSC8GWwacqUPKsKyClb0V+YMJT9B/a8Sz0AO5PKlguQxCv/zm8oWmQHw==", "comment"=>{"post_id"=>"2", "body"=>"LOL, OMG, IDK"}, "commit"=>"Create Comment"}
  [1m[35m (0.0ms)[0m  [1m[36mbegin transaction[0m
  [1m[36mPost Load (1.0ms)[0m  [1m[34mSELECT  "posts".* FROM "posts" WHERE "posts"."id" = ? LIMIT ?[0m  [["id", 2], ["LIMIT", 1]]
  [1m[35mSQL (17.0ms)[0m  [1m[32mINSERT INTO "comments" ("post_id", "body", "created_at", "updated_at") VALUES (?, ?, ?, ?)[0m  [["post_id", 2], ["body", "LOL, OMG, IDK"], ["created_at", "2020-05-06 19:36:58.956821"], ["updated_at", "2020-05-06 19:36:58.956821"]]
  [1m[35m (135.0ms)[0m  [1m[36mcommit transaction[0m
Redirected to http://localhost:3000/comments/4
Completed 302 Found in 177ms (ActiveRecord: 153.0ms)


Started GET "/comments/4" for ::1 at 2020-05-07 01:06:59 +0530
Processing by CommentsController#show as HTML
  Parameters: {"id"=>"4"}
  [1m[36mComment Load (1.0ms)[0m  [1m[34mSELECT  "comments".* FROM "comments" WHERE "comments"."id" = ? LIMIT ?[0m  [["id", 4], ["LIMIT", 1]]
  Rendering comments/show.html.erb within layouts/application
  [1m[36mPost Load (0.0ms)[0m  [1m[34mSELECT  "posts".* FROM "posts" WHERE "posts"."id" = ? LIMIT ?[0m  [["id", 2], ["LIMIT", 1]]
  Rendered comments/show.html.erb within layouts/application (6.0ms)
Completed 200 OK in 203ms (Views: 166.2ms | ActiveRecord: 1.0ms)


Started GET "/comments" for ::1 at 2020-05-07 01:08:06 +0530
Processing by CommentsController#index as HTML
  Rendering comments/index.html.erb within layouts/application
  [1m[36mComment Load (0.0ms)[0m  [1m[34mSELECT "comments".* FROM "comments"[0m
  [1m[36mPost Load (1.0ms)[0m  [1m[34mSELECT  "posts".* FROM "posts" WHERE "posts"."id" = ? LIMIT ?[0m  [["id", 1], ["LIMIT", 1]]
  [1m[36mCACHE Post Load (0.0ms)[0m  [1m[34mSELECT  "posts".* FROM "posts" WHERE "posts"."id" = ? LIMIT ?[0m  [["id", 1], ["LIMIT", 1]]
  [1m[36mPost Load (0.0ms)[0m  [1m[34mSELECT  "posts".* FROM "posts" WHERE "posts"."id" = ? LIMIT ?[0m  [["id", 2], ["LIMIT", 1]]
  [1m[36mCACHE Post Load (0.0ms)[0m  [1m[34mSELECT  "posts".* FROM "posts" WHERE "posts"."id" = ? LIMIT ?[0m  [["id", 2], ["LIMIT", 1]]
  Rendered comments/index.html.erb within layouts/application (23.0ms)
Completed 200 OK in 198ms (Views: 165.0ms | ActiveRecord: 1.0ms)


Started GET "/posts" for ::1 at 2020-05-07 01:15:21 +0530
Processing by PostsController#index as HTML
  Rendering posts/index.html.erb within layouts/application
  [1m[36mPost Load (1.0ms)[0m  [1m[34mSELECT "posts".* FROM "posts"[0m
  Rendered posts/index.html.erb within layouts/application (6.0ms)
Completed 200 OK in 206ms (Views: 162.5ms | ActiveRecord: 1.0ms)


